<?xml version="1.0" encoding="UTF-8"?>
<testsuite name="io.swagger.petstore.testsuite.DataDrivenPetTest" time="8.49" tests="100" errors="0" skipped="0" failures="0">
  <properties>
    <property name="idea.version" value="2022.2.2"/>
    <property name="java.runtime.name" value="Java(TM) SE Runtime Environment"/>
    <property name="sun.boot.library.path" value="C:\Program Files\Java\jdk1.8.0_121\jre\bin"/>
    <property name="java.vm.version" value="25.121-b13"/>
    <property name="java.vm.vendor" value="Oracle Corporation"/>
    <property name="maven.multiModuleProjectDirectory" value="C:\Users\RAJ\IdeaProjects\petstore-serenity-cucumber-project-4-rajmangukiya"/>
    <property name="java.vendor.url" value="http://java.oracle.com/"/>
    <property name="path.separator" value=";"/>
    <property name="guice.disable.misplaced.annotation.check" value="true"/>
    <property name="java.vm.name" value="Java HotSpot(TM) 64-Bit Server VM"/>
    <property name="file.encoding.pkg" value="sun.io"/>
    <property name="user.script" value=""/>
    <property name="user.country" value="US"/>
    <property name="sun.java.launcher" value="SUN_STANDARD"/>
    <property name="sun.os.patch.level" value=""/>
    <property name="java.vm.specification.name" value="Java Virtual Machine Specification"/>
    <property name="user.dir" value="C:\Users\RAJ\IdeaProjects\petstore-serenity-cucumber-project-4-rajmangukiya"/>
    <property name="java.runtime.version" value="1.8.0_121-b13"/>
    <property name="java.awt.graphicsenv" value="sun.awt.Win32GraphicsEnvironment"/>
    <property name="java.endorsed.dirs" value="C:\Program Files\Java\jdk1.8.0_121\jre\lib\endorsed"/>
    <property name="os.arch" value="amd64"/>
    <property name="java.io.tmpdir" value="C:\Users\RAJ\AppData\Local\Temp\"/>
    <property name="line.separator" value="&#10;"/>
    <property name="java.vm.specification.vendor" value="Oracle Corporation"/>
    <property name="user.variant" value=""/>
    <property name="os.name" value="Windows 10"/>
    <property name="maven.ext.class.path" value="C:\Program Files\JetBrains\IntelliJ IDEA Community Edition 2022.2.2\plugins\maven\lib\maven-event-listener.jar"/>
    <property name="classworlds.conf" value="C:\Program Files\JetBrains\IntelliJ IDEA Community Edition 2022.2.2\plugins\maven\lib\maven3\bin\m2.conf"/>
    <property name="sun.jnu.encoding" value="Cp1252"/>
    <property name="java.library.path" value="C:\Program Files\Java\jdk1.8.0_121\bin;C:\WINDOWS\Sun\Java\bin;C:\WINDOWS\system32;C:\WINDOWS;C:\ProgramData\Oracle\Java\javapath;C:\WINDOWS\system32;C:\WINDOWS;C:\WINDOWS\System32\Wbem;C:\WINDOWS\System32\WindowsPowerShell\v1.0\;C:\WINDOWS\System32\OpenSSH\;C:\Program Files\Java\jdk1.8.0_121\bin;C:\Program Files\Git\cmd;C:\Program Files\Apache\apache-maven-3.8.6\bin;C:\Program Files\nodejs\;C:\Users\RAJ\AppData\Local\Microsoft\WindowsApps;C:\Users\RAJ\AppData\Roaming\npm;."/>
    <property name="maven.conf" value="C:\Program Files\JetBrains\IntelliJ IDEA Community Edition 2022.2.2\plugins\maven\lib\maven3/conf"/>
    <property name="java.specification.name" value="Java Platform API Specification"/>
    <property name="java.class.version" value="52.0"/>
    <property name="sun.management.compiler" value="HotSpot 64-Bit Tiered Compilers"/>
    <property name="os.version" value="10.0"/>
    <property name="user.home" value="C:\Users\RAJ"/>
    <property name="user.timezone" value="Europe/London"/>
    <property name="java.awt.printerjob" value="sun.awt.windows.WPrinterJob"/>
    <property name="java.specification.version" value="1.8"/>
    <property name="file.encoding" value="UTF-8"/>
    <property name="user.name" value="RAJ"/>
    <property name="java.class.path" value="C:\Program Files\JetBrains\IntelliJ IDEA Community Edition 2022.2.2\plugins\maven\lib\maven3\boot\plexus-classworlds-2.6.0.jar;C:\Program Files\JetBrains\IntelliJ IDEA Community Edition 2022.2.2\plugins\maven\lib\maven3\boot\plexus-classworlds.license;C:\Program Files\JetBrains\IntelliJ IDEA Community Edition 2022.2.2\lib\idea_rt.jar"/>
    <property name="java.vm.specification.version" value="1.8"/>
    <property name="sun.arch.data.model" value="64"/>
    <property name="java.home" value="C:\Program Files\Java\jdk1.8.0_121\jre"/>
    <property name="sun.java.command" value="org.codehaus.classworlds.Launcher -Didea.version=2022.2.2 clean verify serenity:aggregate"/>
    <property name="java.specification.vendor" value="Oracle Corporation"/>
    <property name="user.language" value="en"/>
    <property name="awt.toolkit" value="sun.awt.windows.WToolkit"/>
    <property name="java.vm.info" value="mixed mode"/>
    <property name="java.version" value="1.8.0_121"/>
    <property name="java.ext.dirs" value="C:\Program Files\Java\jdk1.8.0_121\jre\lib\ext;C:\WINDOWS\Sun\Java\lib\ext"/>
    <property name="sun.boot.class.path" value="C:\Program Files\Java\jdk1.8.0_121\jre\lib\resources.jar;C:\Program Files\Java\jdk1.8.0_121\jre\lib\rt.jar;C:\Program Files\Java\jdk1.8.0_121\jre\lib\sunrsasign.jar;C:\Program Files\Java\jdk1.8.0_121\jre\lib\jsse.jar;C:\Program Files\Java\jdk1.8.0_121\jre\lib\jce.jar;C:\Program Files\Java\jdk1.8.0_121\jre\lib\charsets.jar;C:\Program Files\Java\jdk1.8.0_121\jre\lib\jfr.jar;C:\Program Files\Java\jdk1.8.0_121\jre\classes"/>
    <property name="java.vendor" value="Oracle Corporation"/>
    <property name="maven.home" value="C:\Program Files\JetBrains\IntelliJ IDEA Community Edition 2022.2.2\plugins\maven\lib\maven3"/>
    <property name="file.separator" value="\"/>
    <property name="java.vendor.url.bug" value="http://bugreport.sun.com/bugreport/"/>
    <property name="sun.cpu.endian" value="little"/>
    <property name="sun.io.unicode.encoding" value="UnicodeLittle"/>
    <property name="sun.desktop" value="windows"/>
    <property name="sun.cpu.isalist" value="amd64"/>
  </properties>
  <testcase name="createMultiplePet[21]" classname="io.swagger.petstore.testsuite.DataDrivenPetTest" time="0.365"/>
  <testcase name="createMultiplePet[23]" classname="io.swagger.petstore.testsuite.DataDrivenPetTest" time="0.373"/>
  <testcase name="createMultiplePet[29]" classname="io.swagger.petstore.testsuite.DataDrivenPetTest" time="0.377"/>
  <testcase name="createMultiplePet[15]" classname="io.swagger.petstore.testsuite.DataDrivenPetTest" time="0"/>
  <testcase name="createMultiplePet[2]" classname="io.swagger.petstore.testsuite.DataDrivenPetTest" time="0.001"/>
  <testcase name="createMultiplePet[3]" classname="io.swagger.petstore.testsuite.DataDrivenPetTest" time="0.004"/>
  <testcase name="createMultiplePet[26]" classname="io.swagger.petstore.testsuite.DataDrivenPetTest" time="0.004"/>
  <testcase name="createMultiplePet[8]" classname="io.swagger.petstore.testsuite.DataDrivenPetTest" time="0.005"/>
  <testcase name="createMultiplePet[18]" classname="io.swagger.petstore.testsuite.DataDrivenPetTest" time="0.018"/>
  <testcase name="createMultiplePet[9]" classname="io.swagger.petstore.testsuite.DataDrivenPetTest" time="0.023"/>
  <testcase name="createMultiplePet[12]" classname="io.swagger.petstore.testsuite.DataDrivenPetTest" time="0"/>
  <testcase name="createMultiplePet[11]" classname="io.swagger.petstore.testsuite.DataDrivenPetTest" time="0.001"/>
  <testcase name="createMultiplePet[16]" classname="io.swagger.petstore.testsuite.DataDrivenPetTest" time="0.001"/>
  <testcase name="createMultiplePet[22]" classname="io.swagger.petstore.testsuite.DataDrivenPetTest" time="0.001"/>
  <testcase name="createMultiplePet[1]" classname="io.swagger.petstore.testsuite.DataDrivenPetTest" time="0"/>
  <testcase name="createMultiplePet[10]" classname="io.swagger.petstore.testsuite.DataDrivenPetTest" time="0"/>
  <testcase name="createMultiplePet[0]" classname="io.swagger.petstore.testsuite.DataDrivenPetTest" time="0"/>
  <testcase name="createMultiplePet[28]" classname="io.swagger.petstore.testsuite.DataDrivenPetTest" time="0"/>
  <testcase name="createMultiplePet[7]" classname="io.swagger.petstore.testsuite.DataDrivenPetTest" time="0"/>
  <testcase name="createMultiplePet[24]" classname="io.swagger.petstore.testsuite.DataDrivenPetTest" time="0"/>
  <testcase name="createMultiplePet[20]" classname="io.swagger.petstore.testsuite.DataDrivenPetTest" time="0"/>
  <testcase name="createMultiplePet[25]" classname="io.swagger.petstore.testsuite.DataDrivenPetTest" time="0"/>
  <testcase name="createMultiplePet[13]" classname="io.swagger.petstore.testsuite.DataDrivenPetTest" time="0.002"/>
  <testcase name="createMultiplePet[4]" classname="io.swagger.petstore.testsuite.DataDrivenPetTest" time="0.002"/>
  <testcase name="createMultiplePet[5]" classname="io.swagger.petstore.testsuite.DataDrivenPetTest" time="0.002"/>
  <testcase name="createMultiplePet[27]" classname="io.swagger.petstore.testsuite.DataDrivenPetTest" time="0.019"/>
  <testcase name="createMultiplePet[31]" classname="io.swagger.petstore.testsuite.DataDrivenPetTest" time="0.007"/>
  <testcase name="createMultiplePet[30]" classname="io.swagger.petstore.testsuite.DataDrivenPetTest" time="0"/>
  <testcase name="createMultiplePet[14]" classname="io.swagger.petstore.testsuite.DataDrivenPetTest" time="0.006"/>
  <testcase name="createMultiplePet[19]" classname="io.swagger.petstore.testsuite.DataDrivenPetTest" time="0.007"/>
  <testcase name="createMultiplePet[17]" classname="io.swagger.petstore.testsuite.DataDrivenPetTest" time="0.009"/>
  <testcase name="createMultiplePet[6]" classname="io.swagger.petstore.testsuite.DataDrivenPetTest" time="0.01"/>
  <testcase name="createMultiplePet[32]" classname="io.swagger.petstore.testsuite.DataDrivenPetTest" time="0.285"/>
  <testcase name="createMultiplePet[36]" classname="io.swagger.petstore.testsuite.DataDrivenPetTest" time="0.285"/>
  <testcase name="createMultiplePet[33]" classname="io.swagger.petstore.testsuite.DataDrivenPetTest" time="0.027"/>
  <testcase name="createMultiplePet[35]" classname="io.swagger.petstore.testsuite.DataDrivenPetTest" time="0.001"/>
  <testcase name="createMultiplePet[46]" classname="io.swagger.petstore.testsuite.DataDrivenPetTest" time="0.021"/>
  <testcase name="createMultiplePet[38]" classname="io.swagger.petstore.testsuite.DataDrivenPetTest" time="0.025"/>
  <testcase name="createMultiplePet[43]" classname="io.swagger.petstore.testsuite.DataDrivenPetTest" time="0.025"/>
  <testcase name="createMultiplePet[44]" classname="io.swagger.petstore.testsuite.DataDrivenPetTest" time="0"/>
  <testcase name="createMultiplePet[42]" classname="io.swagger.petstore.testsuite.DataDrivenPetTest" time="0.012"/>
  <testcase name="createMultiplePet[47]" classname="io.swagger.petstore.testsuite.DataDrivenPetTest" time="0.012"/>
  <testcase name="createMultiplePet[50]" classname="io.swagger.petstore.testsuite.DataDrivenPetTest" time="0.015"/>
  <testcase name="createMultiplePet[40]" classname="io.swagger.petstore.testsuite.DataDrivenPetTest" time="0.016"/>
  <testcase name="createMultiplePet[34]" classname="io.swagger.petstore.testsuite.DataDrivenPetTest" time="0.016"/>
  <testcase name="createMultiplePet[55]" classname="io.swagger.petstore.testsuite.DataDrivenPetTest" time="0.03"/>
  <testcase name="createMultiplePet[53]" classname="io.swagger.petstore.testsuite.DataDrivenPetTest" time="0.032"/>
  <testcase name="createMultiplePet[52]" classname="io.swagger.petstore.testsuite.DataDrivenPetTest" time="0.035"/>
  <testcase name="createMultiplePet[37]" classname="io.swagger.petstore.testsuite.DataDrivenPetTest" time="0.041"/>
  <testcase name="createMultiplePet[45]" classname="io.swagger.petstore.testsuite.DataDrivenPetTest" time="0.042"/>
  <testcase name="createMultiplePet[58]" classname="io.swagger.petstore.testsuite.DataDrivenPetTest" time="0"/>
  <testcase name="createMultiplePet[56]" classname="io.swagger.petstore.testsuite.DataDrivenPetTest" time="0.008"/>
  <testcase name="createMultiplePet[59]" classname="io.swagger.petstore.testsuite.DataDrivenPetTest" time="0.004"/>
  <testcase name="createMultiplePet[54]" classname="io.swagger.petstore.testsuite.DataDrivenPetTest" time="0.006"/>
  <testcase name="createMultiplePet[49]" classname="io.swagger.petstore.testsuite.DataDrivenPetTest" time="0.025"/>
  <testcase name="createMultiplePet[63]" classname="io.swagger.petstore.testsuite.DataDrivenPetTest" time="0.024"/>
  <testcase name="createMultiplePet[39]" classname="io.swagger.petstore.testsuite.DataDrivenPetTest" time="0.012"/>
  <testcase name="createMultiplePet[41]" classname="io.swagger.petstore.testsuite.DataDrivenPetTest" time="0.077"/>
  <testcase name="createMultiplePet[61]" classname="io.swagger.petstore.testsuite.DataDrivenPetTest" time="0.078"/>
  <testcase name="createMultiplePet[57]" classname="io.swagger.petstore.testsuite.DataDrivenPetTest" time="0"/>
  <testcase name="createMultiplePet[62]" classname="io.swagger.petstore.testsuite.DataDrivenPetTest" time="0"/>
  <testcase name="createMultiplePet[60]" classname="io.swagger.petstore.testsuite.DataDrivenPetTest" time="0.005"/>
  <testcase name="createMultiplePet[51]" classname="io.swagger.petstore.testsuite.DataDrivenPetTest" time="0.004"/>
  <testcase name="createMultiplePet[48]" classname="io.swagger.petstore.testsuite.DataDrivenPetTest" time="0.002"/>
  <testcase name="createMultiplePet[64]" classname="io.swagger.petstore.testsuite.DataDrivenPetTest" time="0.12"/>
  <testcase name="createMultiplePet[66]" classname="io.swagger.petstore.testsuite.DataDrivenPetTest" time="0.002"/>
  <testcase name="createMultiplePet[65]" classname="io.swagger.petstore.testsuite.DataDrivenPetTest" time="0.07"/>
  <testcase name="createMultiplePet[72]" classname="io.swagger.petstore.testsuite.DataDrivenPetTest" time="0.021"/>
  <testcase name="createMultiplePet[70]" classname="io.swagger.petstore.testsuite.DataDrivenPetTest" time="0.042"/>
  <testcase name="createMultiplePet[73]" classname="io.swagger.petstore.testsuite.DataDrivenPetTest" time="0.001"/>
  <testcase name="createMultiplePet[67]" classname="io.swagger.petstore.testsuite.DataDrivenPetTest" time="0.005"/>
  <testcase name="createMultiplePet[78]" classname="io.swagger.petstore.testsuite.DataDrivenPetTest" time="0.037"/>
  <testcase name="createMultiplePet[81]" classname="io.swagger.petstore.testsuite.DataDrivenPetTest" time="0.044"/>
  <testcase name="createMultiplePet[69]" classname="io.swagger.petstore.testsuite.DataDrivenPetTest" time="0.052"/>
  <testcase name="createMultiplePet[76]" classname="io.swagger.petstore.testsuite.DataDrivenPetTest" time="0.053"/>
  <testcase name="createMultiplePet[71]" classname="io.swagger.petstore.testsuite.DataDrivenPetTest" time="0.053"/>
  <testcase name="createMultiplePet[68]" classname="io.swagger.petstore.testsuite.DataDrivenPetTest" time="0.058"/>
  <testcase name="createMultiplePet[79]" classname="io.swagger.petstore.testsuite.DataDrivenPetTest" time="0.07"/>
  <testcase name="createMultiplePet[80]" classname="io.swagger.petstore.testsuite.DataDrivenPetTest" time="0.126"/>
  <testcase name="createMultiplePet[83]" classname="io.swagger.petstore.testsuite.DataDrivenPetTest" time="0.129"/>
  <testcase name="createMultiplePet[77]" classname="io.swagger.petstore.testsuite.DataDrivenPetTest" time="0.133"/>
  <testcase name="createMultiplePet[75]" classname="io.swagger.petstore.testsuite.DataDrivenPetTest" time="0.15"/>
  <testcase name="createMultiplePet[84]" classname="io.swagger.petstore.testsuite.DataDrivenPetTest" time="0.15"/>
  <testcase name="createMultiplePet[85]" classname="io.swagger.petstore.testsuite.DataDrivenPetTest" time="0.153"/>
  <testcase name="createMultiplePet[86]" classname="io.swagger.petstore.testsuite.DataDrivenPetTest" time="0.172"/>
  <testcase name="createMultiplePet[87]" classname="io.swagger.petstore.testsuite.DataDrivenPetTest" time="0.176"/>
  <testcase name="createMultiplePet[82]" classname="io.swagger.petstore.testsuite.DataDrivenPetTest" time="0.197"/>
  <testcase name="createMultiplePet[74]" classname="io.swagger.petstore.testsuite.DataDrivenPetTest" time="0.203"/>
  <testcase name="createMultiplePet[90]" classname="io.swagger.petstore.testsuite.DataDrivenPetTest" time="0.24"/>
  <testcase name="createMultiplePet[89]" classname="io.swagger.petstore.testsuite.DataDrivenPetTest" time="0.243"/>
  <testcase name="createMultiplePet[92]" classname="io.swagger.petstore.testsuite.DataDrivenPetTest" time="0.256"/>
  <testcase name="createMultiplePet[88]" classname="io.swagger.petstore.testsuite.DataDrivenPetTest" time="0.259"/>
  <testcase name="createMultiplePet[91]" classname="io.swagger.petstore.testsuite.DataDrivenPetTest" time="0.264"/>
  <testcase name="createMultiplePet[95]" classname="io.swagger.petstore.testsuite.DataDrivenPetTest" time="0.268"/>
  <testcase name="createMultiplePet[93]" classname="io.swagger.petstore.testsuite.DataDrivenPetTest" time="0.283"/>
  <testcase name="createMultiplePet[94]" classname="io.swagger.petstore.testsuite.DataDrivenPetTest" time="0.286"/>
  <testcase name="createMultiplePet[97]" classname="io.swagger.petstore.testsuite.DataDrivenPetTest" time="0.414"/>
  <testcase name="createMultiplePet[96]" classname="io.swagger.petstore.testsuite.DataDrivenPetTest" time="0.436"/>
  <testcase name="createMultiplePet[99]" classname="io.swagger.petstore.testsuite.DataDrivenPetTest" time="0.457"/>
  <testcase name="createMultiplePet[98]" classname="io.swagger.petstore.testsuite.DataDrivenPetTest" time="0.465"/>
</testsuite>