<?xml version="1.0" encoding="UTF-8"?>
<testsuite name="io.swagger.petstore.testsuite.DataDrivenUserTest" time="9.049" tests="100" errors="0" skipped="0" failures="0">
  <properties>
    <property name="idea.version" value="2022.2.2"/>
    <property name="java.runtime.name" value="Java(TM) SE Runtime Environment"/>
    <property name="sun.boot.library.path" value="C:\Program Files\Java\jdk1.8.0_121\jre\bin"/>
    <property name="java.vm.version" value="25.121-b13"/>
    <property name="java.vm.vendor" value="Oracle Corporation"/>
    <property name="maven.multiModuleProjectDirectory" value="C:\Users\RAJ\IdeaProjects\petstore-serenity-cucumber-project-4-rajmangukiya"/>
    <property name="java.vendor.url" value="http://java.oracle.com/"/>
    <property name="path.separator" value=";"/>
    <property name="guice.disable.misplaced.annotation.check" value="true"/>
    <property name="java.vm.name" value="Java HotSpot(TM) 64-Bit Server VM"/>
    <property name="file.encoding.pkg" value="sun.io"/>
    <property name="user.script" value=""/>
    <property name="user.country" value="US"/>
    <property name="sun.java.launcher" value="SUN_STANDARD"/>
    <property name="sun.os.patch.level" value=""/>
    <property name="java.vm.specification.name" value="Java Virtual Machine Specification"/>
    <property name="user.dir" value="C:\Users\RAJ\IdeaProjects\petstore-serenity-cucumber-project-4-rajmangukiya"/>
    <property name="java.runtime.version" value="1.8.0_121-b13"/>
    <property name="java.awt.graphicsenv" value="sun.awt.Win32GraphicsEnvironment"/>
    <property name="java.endorsed.dirs" value="C:\Program Files\Java\jdk1.8.0_121\jre\lib\endorsed"/>
    <property name="os.arch" value="amd64"/>
    <property name="java.io.tmpdir" value="C:\Users\RAJ\AppData\Local\Temp\"/>
    <property name="line.separator" value="&#10;"/>
    <property name="java.vm.specification.vendor" value="Oracle Corporation"/>
    <property name="user.variant" value=""/>
    <property name="os.name" value="Windows 10"/>
    <property name="maven.ext.class.path" value="C:\Program Files\JetBrains\IntelliJ IDEA Community Edition 2022.2.2\plugins\maven\lib\maven-event-listener.jar"/>
    <property name="classworlds.conf" value="C:\Program Files\JetBrains\IntelliJ IDEA Community Edition 2022.2.2\plugins\maven\lib\maven3\bin\m2.conf"/>
    <property name="sun.jnu.encoding" value="Cp1252"/>
    <property name="java.library.path" value="C:\Program Files\Java\jdk1.8.0_121\bin;C:\WINDOWS\Sun\Java\bin;C:\WINDOWS\system32;C:\WINDOWS;C:\ProgramData\Oracle\Java\javapath;C:\WINDOWS\system32;C:\WINDOWS;C:\WINDOWS\System32\Wbem;C:\WINDOWS\System32\WindowsPowerShell\v1.0\;C:\WINDOWS\System32\OpenSSH\;C:\Program Files\Java\jdk1.8.0_121\bin;C:\Program Files\Git\cmd;C:\Program Files\Apache\apache-maven-3.8.6\bin;C:\Program Files\nodejs\;C:\Users\RAJ\AppData\Local\Microsoft\WindowsApps;C:\Users\RAJ\AppData\Roaming\npm;."/>
    <property name="maven.conf" value="C:\Program Files\JetBrains\IntelliJ IDEA Community Edition 2022.2.2\plugins\maven\lib\maven3/conf"/>
    <property name="java.specification.name" value="Java Platform API Specification"/>
    <property name="java.class.version" value="52.0"/>
    <property name="sun.management.compiler" value="HotSpot 64-Bit Tiered Compilers"/>
    <property name="os.version" value="10.0"/>
    <property name="user.home" value="C:\Users\RAJ"/>
    <property name="user.timezone" value="Europe/London"/>
    <property name="java.awt.printerjob" value="sun.awt.windows.WPrinterJob"/>
    <property name="java.specification.version" value="1.8"/>
    <property name="file.encoding" value="UTF-8"/>
    <property name="user.name" value="RAJ"/>
    <property name="java.class.path" value="C:\Program Files\JetBrains\IntelliJ IDEA Community Edition 2022.2.2\plugins\maven\lib\maven3\boot\plexus-classworlds-2.6.0.jar;C:\Program Files\JetBrains\IntelliJ IDEA Community Edition 2022.2.2\plugins\maven\lib\maven3\boot\plexus-classworlds.license;C:\Program Files\JetBrains\IntelliJ IDEA Community Edition 2022.2.2\lib\idea_rt.jar"/>
    <property name="java.vm.specification.version" value="1.8"/>
    <property name="sun.arch.data.model" value="64"/>
    <property name="java.home" value="C:\Program Files\Java\jdk1.8.0_121\jre"/>
    <property name="sun.java.command" value="org.codehaus.classworlds.Launcher -Didea.version=2022.2.2 clean verify serenity:aggregate"/>
    <property name="java.specification.vendor" value="Oracle Corporation"/>
    <property name="user.language" value="en"/>
    <property name="awt.toolkit" value="sun.awt.windows.WToolkit"/>
    <property name="java.vm.info" value="mixed mode"/>
    <property name="java.version" value="1.8.0_121"/>
    <property name="java.ext.dirs" value="C:\Program Files\Java\jdk1.8.0_121\jre\lib\ext;C:\WINDOWS\Sun\Java\lib\ext"/>
    <property name="sun.boot.class.path" value="C:\Program Files\Java\jdk1.8.0_121\jre\lib\resources.jar;C:\Program Files\Java\jdk1.8.0_121\jre\lib\rt.jar;C:\Program Files\Java\jdk1.8.0_121\jre\lib\sunrsasign.jar;C:\Program Files\Java\jdk1.8.0_121\jre\lib\jsse.jar;C:\Program Files\Java\jdk1.8.0_121\jre\lib\jce.jar;C:\Program Files\Java\jdk1.8.0_121\jre\lib\charsets.jar;C:\Program Files\Java\jdk1.8.0_121\jre\lib\jfr.jar;C:\Program Files\Java\jdk1.8.0_121\jre\classes"/>
    <property name="java.vendor" value="Oracle Corporation"/>
    <property name="maven.home" value="C:\Program Files\JetBrains\IntelliJ IDEA Community Edition 2022.2.2\plugins\maven\lib\maven3"/>
    <property name="file.separator" value="\"/>
    <property name="java.vendor.url.bug" value="http://bugreport.sun.com/bugreport/"/>
    <property name="sun.cpu.endian" value="little"/>
    <property name="sun.io.unicode.encoding" value="UnicodeLittle"/>
    <property name="sun.desktop" value="windows"/>
    <property name="sun.cpu.isalist" value="amd64"/>
  </properties>
  <testcase name="createMultipleUser[4]" classname="io.swagger.petstore.testsuite.DataDrivenUserTest" time="0.509"/>
  <testcase name="createMultipleUser[0]" classname="io.swagger.petstore.testsuite.DataDrivenUserTest" time="0.509"/>
  <testcase name="createMultipleUser[10]" classname="io.swagger.petstore.testsuite.DataDrivenUserTest" time="0.079"/>
  <testcase name="createMultipleUser[1]" classname="io.swagger.petstore.testsuite.DataDrivenUserTest" time="0.079"/>
  <testcase name="createMultipleUser[7]" classname="io.swagger.petstore.testsuite.DataDrivenUserTest" time="0.08"/>
  <testcase name="createMultipleUser[22]" classname="io.swagger.petstore.testsuite.DataDrivenUserTest" time="0.08"/>
  <testcase name="createMultipleUser[26]" classname="io.swagger.petstore.testsuite.DataDrivenUserTest" time="0.08"/>
  <testcase name="createMultipleUser[2]" classname="io.swagger.petstore.testsuite.DataDrivenUserTest" time="0.084"/>
  <testcase name="createMultipleUser[3]" classname="io.swagger.petstore.testsuite.DataDrivenUserTest" time="0.085"/>
  <testcase name="createMultipleUser[30]" classname="io.swagger.petstore.testsuite.DataDrivenUserTest" time="0.093"/>
  <testcase name="createMultipleUser[12]" classname="io.swagger.petstore.testsuite.DataDrivenUserTest" time="0.093"/>
  <testcase name="createMultipleUser[8]" classname="io.swagger.petstore.testsuite.DataDrivenUserTest" time="0.094"/>
  <testcase name="createMultipleUser[25]" classname="io.swagger.petstore.testsuite.DataDrivenUserTest" time="0.014"/>
  <testcase name="createMultipleUser[16]" classname="io.swagger.petstore.testsuite.DataDrivenUserTest" time="0.015"/>
  <testcase name="createMultipleUser[9]" classname="io.swagger.petstore.testsuite.DataDrivenUserTest" time="0.051"/>
  <testcase name="createMultipleUser[5]" classname="io.swagger.petstore.testsuite.DataDrivenUserTest" time="0.053"/>
  <testcase name="createMultipleUser[13]" classname="io.swagger.petstore.testsuite.DataDrivenUserTest" time="0.053"/>
  <testcase name="createMultipleUser[19]" classname="io.swagger.petstore.testsuite.DataDrivenUserTest" time="0.062"/>
  <testcase name="createMultipleUser[29]" classname="io.swagger.petstore.testsuite.DataDrivenUserTest" time="0.086"/>
  <testcase name="createMultipleUser[20]" classname="io.swagger.petstore.testsuite.DataDrivenUserTest" time="0.086"/>
  <testcase name="createMultipleUser[18]" classname="io.swagger.petstore.testsuite.DataDrivenUserTest" time="0.086"/>
  <testcase name="createMultipleUser[6]" classname="io.swagger.petstore.testsuite.DataDrivenUserTest" time="0.086"/>
  <testcase name="createMultipleUser[24]" classname="io.swagger.petstore.testsuite.DataDrivenUserTest" time="0.086"/>
  <testcase name="createMultipleUser[21]" classname="io.swagger.petstore.testsuite.DataDrivenUserTest" time="0.086"/>
  <testcase name="createMultipleUser[15]" classname="io.swagger.petstore.testsuite.DataDrivenUserTest" time="0.086"/>
  <testcase name="createMultipleUser[28]" classname="io.swagger.petstore.testsuite.DataDrivenUserTest" time="0.001"/>
  <testcase name="createMultipleUser[17]" classname="io.swagger.petstore.testsuite.DataDrivenUserTest" time="0"/>
  <testcase name="createMultipleUser[11]" classname="io.swagger.petstore.testsuite.DataDrivenUserTest" time="0"/>
  <testcase name="createMultipleUser[14]" classname="io.swagger.petstore.testsuite.DataDrivenUserTest" time="0.001"/>
  <testcase name="createMultipleUser[27]" classname="io.swagger.petstore.testsuite.DataDrivenUserTest" time="0.001"/>
  <testcase name="createMultipleUser[31]" classname="io.swagger.petstore.testsuite.DataDrivenUserTest" time="0"/>
  <testcase name="createMultipleUser[23]" classname="io.swagger.petstore.testsuite.DataDrivenUserTest" time="0"/>
  <testcase name="createMultipleUser[33]" classname="io.swagger.petstore.testsuite.DataDrivenUserTest" time="0.317"/>
  <testcase name="createMultipleUser[32]" classname="io.swagger.petstore.testsuite.DataDrivenUserTest" time="0.052"/>
  <testcase name="createMultipleUser[40]" classname="io.swagger.petstore.testsuite.DataDrivenUserTest" time="0.012"/>
  <testcase name="createMultipleUser[36]" classname="io.swagger.petstore.testsuite.DataDrivenUserTest" time="0.031"/>
  <testcase name="createMultipleUser[37]" classname="io.swagger.petstore.testsuite.DataDrivenUserTest" time="0.001"/>
  <testcase name="createMultipleUser[35]" classname="io.swagger.petstore.testsuite.DataDrivenUserTest" time="0.001"/>
  <testcase name="createMultipleUser[42]" classname="io.swagger.petstore.testsuite.DataDrivenUserTest" time="0.029"/>
  <testcase name="createMultipleUser[34]" classname="io.swagger.petstore.testsuite.DataDrivenUserTest" time="0.016"/>
  <testcase name="createMultipleUser[38]" classname="io.swagger.petstore.testsuite.DataDrivenUserTest" time="0.018"/>
  <testcase name="createMultipleUser[45]" classname="io.swagger.petstore.testsuite.DataDrivenUserTest" time="0.018"/>
  <testcase name="createMultipleUser[43]" classname="io.swagger.petstore.testsuite.DataDrivenUserTest" time="0.018"/>
  <testcase name="createMultipleUser[44]" classname="io.swagger.petstore.testsuite.DataDrivenUserTest" time="0.023"/>
  <testcase name="createMultipleUser[39]" classname="io.swagger.petstore.testsuite.DataDrivenUserTest" time="0.013"/>
  <testcase name="createMultipleUser[41]" classname="io.swagger.petstore.testsuite.DataDrivenUserTest" time="0.015"/>
  <testcase name="createMultipleUser[53]" classname="io.swagger.petstore.testsuite.DataDrivenUserTest" time="0.023"/>
  <testcase name="createMultipleUser[54]" classname="io.swagger.petstore.testsuite.DataDrivenUserTest" time="0.001"/>
  <testcase name="createMultipleUser[46]" classname="io.swagger.petstore.testsuite.DataDrivenUserTest" time="0.009"/>
  <testcase name="createMultipleUser[57]" classname="io.swagger.petstore.testsuite.DataDrivenUserTest" time="0.01"/>
  <testcase name="createMultipleUser[48]" classname="io.swagger.petstore.testsuite.DataDrivenUserTest" time="0.01"/>
  <testcase name="createMultipleUser[47]" classname="io.swagger.petstore.testsuite.DataDrivenUserTest" time="0.01"/>
  <testcase name="createMultipleUser[58]" classname="io.swagger.petstore.testsuite.DataDrivenUserTest" time="0.011"/>
  <testcase name="createMultipleUser[56]" classname="io.swagger.petstore.testsuite.DataDrivenUserTest" time="0.011"/>
  <testcase name="createMultipleUser[61]" classname="io.swagger.petstore.testsuite.DataDrivenUserTest" time="0.097"/>
  <testcase name="createMultipleUser[62]" classname="io.swagger.petstore.testsuite.DataDrivenUserTest" time="0.1"/>
  <testcase name="createMultipleUser[52]" classname="io.swagger.petstore.testsuite.DataDrivenUserTest" time="0.104"/>
  <testcase name="createMultipleUser[49]" classname="io.swagger.petstore.testsuite.DataDrivenUserTest" time="0.104"/>
  <testcase name="createMultipleUser[51]" classname="io.swagger.petstore.testsuite.DataDrivenUserTest" time="0.001"/>
  <testcase name="createMultipleUser[63]" classname="io.swagger.petstore.testsuite.DataDrivenUserTest" time="0.001"/>
  <testcase name="createMultipleUser[59]" classname="io.swagger.petstore.testsuite.DataDrivenUserTest" time="0"/>
  <testcase name="createMultipleUser[50]" classname="io.swagger.petstore.testsuite.DataDrivenUserTest" time="0.003"/>
  <testcase name="createMultipleUser[55]" classname="io.swagger.petstore.testsuite.DataDrivenUserTest" time="0.004"/>
  <testcase name="createMultipleUser[60]" classname="io.swagger.petstore.testsuite.DataDrivenUserTest" time="0.099"/>
  <testcase name="createMultipleUser[64]" classname="io.swagger.petstore.testsuite.DataDrivenUserTest" time="0.189"/>
  <testcase name="createMultipleUser[69]" classname="io.swagger.petstore.testsuite.DataDrivenUserTest" time="0.079"/>
  <testcase name="createMultipleUser[66]" classname="io.swagger.petstore.testsuite.DataDrivenUserTest" time="0.003"/>
  <testcase name="createMultipleUser[79]" classname="io.swagger.petstore.testsuite.DataDrivenUserTest" time="0.043"/>
  <testcase name="createMultipleUser[67]" classname="io.swagger.petstore.testsuite.DataDrivenUserTest" time="0.009"/>
  <testcase name="createMultipleUser[77]" classname="io.swagger.petstore.testsuite.DataDrivenUserTest" time="0.01"/>
  <testcase name="createMultipleUser[73]" classname="io.swagger.petstore.testsuite.DataDrivenUserTest" time="0.011"/>
  <testcase name="createMultipleUser[68]" classname="io.swagger.petstore.testsuite.DataDrivenUserTest" time="0.019"/>
  <testcase name="createMultipleUser[78]" classname="io.swagger.petstore.testsuite.DataDrivenUserTest" time="0.019"/>
  <testcase name="createMultipleUser[76]" classname="io.swagger.petstore.testsuite.DataDrivenUserTest" time="0.019"/>
  <testcase name="createMultipleUser[75]" classname="io.swagger.petstore.testsuite.DataDrivenUserTest" time="0.019"/>
  <testcase name="createMultipleUser[65]" classname="io.swagger.petstore.testsuite.DataDrivenUserTest" time="0.019"/>
  <testcase name="createMultipleUser[72]" classname="io.swagger.petstore.testsuite.DataDrivenUserTest" time="0.02"/>
  <testcase name="createMultipleUser[70]" classname="io.swagger.petstore.testsuite.DataDrivenUserTest" time="0.021"/>
  <testcase name="createMultipleUser[84]" classname="io.swagger.petstore.testsuite.DataDrivenUserTest" time="0.028"/>
  <testcase name="createMultipleUser[80]" classname="io.swagger.petstore.testsuite.DataDrivenUserTest" time="0.031"/>
  <testcase name="createMultipleUser[85]" classname="io.swagger.petstore.testsuite.DataDrivenUserTest" time="0.031"/>
  <testcase name="createMultipleUser[83]" classname="io.swagger.petstore.testsuite.DataDrivenUserTest" time="0.034"/>
  <testcase name="createMultipleUser[81]" classname="io.swagger.petstore.testsuite.DataDrivenUserTest" time="0.129"/>
  <testcase name="createMultipleUser[90]" classname="io.swagger.petstore.testsuite.DataDrivenUserTest" time="0.131"/>
  <testcase name="createMultipleUser[87]" classname="io.swagger.petstore.testsuite.DataDrivenUserTest" time="0.131"/>
  <testcase name="createMultipleUser[86]" classname="io.swagger.petstore.testsuite.DataDrivenUserTest" time="0.132"/>
  <testcase name="createMultipleUser[88]" classname="io.swagger.petstore.testsuite.DataDrivenUserTest" time="0.134"/>
  <testcase name="createMultipleUser[89]" classname="io.swagger.petstore.testsuite.DataDrivenUserTest" time="0.135"/>
  <testcase name="createMultipleUser[82]" classname="io.swagger.petstore.testsuite.DataDrivenUserTest" time="0.135"/>
  <testcase name="createMultipleUser[92]" classname="io.swagger.petstore.testsuite.DataDrivenUserTest" time="0.135"/>
  <testcase name="createMultipleUser[91]" classname="io.swagger.petstore.testsuite.DataDrivenUserTest" time="0.135"/>
  <testcase name="createMultipleUser[93]" classname="io.swagger.petstore.testsuite.DataDrivenUserTest" time="0.136"/>
  <testcase name="createMultipleUser[94]" classname="io.swagger.petstore.testsuite.DataDrivenUserTest" time="0.214"/>
  <testcase name="createMultipleUser[95]" classname="io.swagger.petstore.testsuite.DataDrivenUserTest" time="0.265"/>
  <testcase name="createMultipleUser[71]" classname="io.swagger.petstore.testsuite.DataDrivenUserTest" time="0.281"/>
  <testcase name="createMultipleUser[74]" classname="io.swagger.petstore.testsuite.DataDrivenUserTest" time="0.281"/>
  <testcase name="createMultipleUser[96]" classname="io.swagger.petstore.testsuite.DataDrivenUserTest" time="0.466"/>
  <testcase name="createMultipleUser[98]" classname="io.swagger.petstore.testsuite.DataDrivenUserTest" time="0.573"/>
  <testcase name="createMultipleUser[97]" classname="io.swagger.petstore.testsuite.DataDrivenUserTest" time="0.575"/>
  <testcase name="createMultipleUser[99]" classname="io.swagger.petstore.testsuite.DataDrivenUserTest" time="0.577"/>
</testsuite>